[
  {
    "level": "INFO",
    "message": "android.ndkVersion from module build.gradle is [not set]"
  },
  {
    "level": "INFO",
    "message": "android.ndkPath from module build.gradle is not set"
  },
  {
    "level": "INFO",
    "message": "ndk.dir in local.properties is /home/zc/Android/Sdk/21.0.6113669"
  },
  {
    "level": "INFO",
    "message": "Not considering ANDROID_NDK_HOME because support was removed after deprecation period."
  },
  {
    "level": "INFO",
    "message": "sdkFolder is /home/zc/Android/Sdk"
  },
  {
    "level": "INFO",
    "message": "NDK side-by-side folder from sdkFolder /home/zc/Android/Sdk/ndk does not exist"
  },
  {
    "level": "INFO",
    "message": "Because no explicit NDK was requested, the default version [21.1.6352462] for this Android Gradle Plugin will be used"
  },
  {
    "level": "INFO",
    "message": "Folder /home/zc/Android/Sdk/21.0.6113669 does not exist. Ignoring."
  },
  {
    "level": "ERROR",
    "message": "Location specified by ndk.dir (/home/zc/Android/Sdk/21.0.6113669) did not contain a valid NDK and couldn\u0027t be used"
  }
]